<?xml version="1.0" encoding="UTF-8"?>
<testng-results ignored="0" total="44" passed="30" failed="14" skipped="0">
  <reporter-output>
  </reporter-output>
  <suite started-at="2025-04-24T19:25:02 BOT" name="Default suite" finished-at="2025-04-24T19:25:47 BOT" duration-ms="44893">
    <groups>
    </groups>
    <test started-at="2025-04-24T19:25:02 BOT" name="Default test" finished-at="2025-04-24T19:25:47 BOT" duration-ms="44893">
      <class name="testng.form">
        <test-method is-config="true" signature="before()[pri:0, instance:testng.form@4e08711f]" started-at="2025-04-24T19:25:02 BOT" name="before" finished-at="2025-04-24T19:25:06 BOT" duration-ms="3236" status="PASS">
          <reporter-output>
          </reporter-output>
        </test-method> <!-- before -->
        <test-method signature="test(java.lang.String,java.lang.String,java.lang.String,java.lang.String,java.lang.String,java.lang.String,java.lang.String,java.lang.String)[pri:0, instance:testng.form@4e08711f]" started-at="2025-04-24T19:25:06 BOT" name="test" data-provider="dataNumeric" finished-at="2025-04-24T19:25:07 BOT" duration-ms="1038" status="PASS">
          <params>
            <param index="0">
              <value>
                <![CDATA[Camila]]>
              </value>
            </param>
            <param index="1">
              <value>
                <![CDATA[Romero]]>
              </value>
            </param>
            <param index="2">
              <value>
                <![CDATA[1993-07-04]]>
              </value>
            </param>
            <param index="3">
              <value>
                <![CDATA[Femenino]]>
              </value>
            </param>
            <param index="4">
              <value>
                <![CDATA[Sucre]]>
              </value>
            </param>
            <param index="5">
              <value>
                <![CDATA[Calle B, Nº 37]]>
              </value>
            </param>
            <param index="6">
              <value>
                <![CDATA[Casado]]>
              </value>
            </param>
            <param index="7">
              <value>
                <![CDATA[85746132]]>
              </value>
            </param>
          </params>
          <reporter-output>
          </reporter-output>
        </test-method> <!-- test -->
        <test-method signature="test(java.lang.String,java.lang.String,java.lang.String,java.lang.String,java.lang.String,java.lang.String,java.lang.String,java.lang.String)[pri:0, instance:testng.form@4e08711f]" started-at="2025-04-24T19:25:07 BOT" name="test" data-provider="dataNumeric" finished-at="2025-04-24T19:25:07 BOT" duration-ms="799" status="PASS">
          <params>
            <param index="0">
              <value>
                <![CDATA[Andrés]]>
              </value>
            </param>
            <param index="1">
              <value>
                <![CDATA[Castillo]]>
              </value>
            </param>
            <param index="2">
              <value>
                <![CDATA[1984-11-30]]>
              </value>
            </param>
            <param index="3">
              <value>
                <![CDATA[Masculino]]>
              </value>
            </param>
            <param index="4">
              <value>
                <![CDATA[Oruro]]>
              </value>
            </param>
            <param index="5">
              <value>
                <![CDATA[Calle C, Nº 5]]>
              </value>
            </param>
            <param index="6">
              <value>
                <![CDATA[Soltero]]>
              </value>
            </param>
            <param index="7">
              <value>
                <![CDATA[63492057]]>
              </value>
            </param>
          </params>
          <reporter-output>
          </reporter-output>
        </test-method> <!-- test -->
        <test-method signature="test(java.lang.String,java.lang.String,java.lang.String,java.lang.String,java.lang.String,java.lang.String,java.lang.String,java.lang.String)[pri:0, instance:testng.form@4e08711f]" started-at="2025-04-24T19:25:07 BOT" name="test" data-provider="dataNumeric" finished-at="2025-04-24T19:25:08 BOT" duration-ms="810" status="PASS">
          <params>
            <param index="0">
              <value>
                <![CDATA[Valeria]]>
              </value>
            </param>
            <param index="1">
              <value>
                <![CDATA[Gutiérrez]]>
              </value>
            </param>
            <param index="2">
              <value>
                <![CDATA[1988-02-28]]>
              </value>
            </param>
            <param index="3">
              <value>
                <![CDATA[Femenino]]>
              </value>
            </param>
            <param index="4">
              <value>
                <![CDATA[Pando]]>
              </value>
            </param>
            <param index="5">
              <value>
                <![CDATA[Calle D, Nº 93]]>
              </value>
            </param>
            <param index="6">
              <value>
                <![CDATA[Casado]]>
              </value>
            </param>
            <param index="7">
              <value>
                <![CDATA[10987564]]>
              </value>
            </param>
          </params>
          <reporter-output>
          </reporter-output>
        </test-method> <!-- test -->
        <test-method signature="test(java.lang.String,java.lang.String,java.lang.String,java.lang.String,java.lang.String,java.lang.String,java.lang.String,java.lang.String)[pri:0, instance:testng.form@4e08711f]" started-at="2025-04-24T19:25:08 BOT" name="test" data-provider="dataNumeric" finished-at="2025-04-24T19:25:09 BOT" duration-ms="1022" status="FAIL">
          <params>
            <param index="0">
              <value>
                <![CDATA[José]]>
              </value>
            </param>
            <param index="1">
              <value>
                <![CDATA[García]]>
              </value>
            </param>
            <param index="2">
              <value>
                <![CDATA[1988-05-23]]>
              </value>
            </param>
            <param index="3">
              <value>
                <![CDATA[Masculino]]>
              </value>
            </param>
            <param index="4">
              <value>
                <![CDATA[Santa Cruz]]>
              </value>
            </param>
            <param index="5">
              <value>
                <![CDATA[Calle B, Nº 17]]>
              </value>
            </param>
            <param index="6">
              <value>
                <![CDATA[Soltero]]>
              </value>
            </param>
            <param index="7">
              <value>
                <![CDATA[58713925]]>
              </value>
            </param>
          </params>
          <exception class="java.lang.AssertionError">
            <message>
              <![CDATA[expected [Informacion con errores] but found [Informacion guardada]]]>
            </message>
            <full-stacktrace>
              <![CDATA[java.lang.AssertionError: expected [Informacion con errores] but found [Informacion guardada]
at org.testng.Assert.fail(Assert.java:111)
at org.testng.Assert.failNotEquals(Assert.java:1590)
at org.testng.Assert.assertEqualsImpl(Assert.java:150)
at org.testng.Assert.assertEquals(Assert.java:132)
at org.testng.Assert.assertEquals(Assert.java:656)
at org.testng.Assert.assertEquals(Assert.java:666)
at testng.form.test(form.java:119)
at java.base/jdk.internal.reflect.DirectMethodHandleAccessor.invoke(DirectMethodHandleAccessor.java:103)
at java.base/java.lang.reflect.Method.invoke(Method.java:580)
at org.testng.internal.invokers.MethodInvocationHelper.invokeMethod(MethodInvocationHelper.java:141)
at org.testng.internal.invokers.TestInvoker.invokeMethod(TestInvoker.java:687)
at org.testng.internal.invokers.TestInvoker.invokeTestMethod(TestInvoker.java:230)
at org.testng.internal.invokers.MethodRunner.runInSequence(MethodRunner.java:63)
at org.testng.internal.invokers.TestInvoker$MethodInvocationAgent.invoke(TestInvoker.java:995)
at org.testng.internal.invokers.TestInvoker.invokeTestMethods(TestInvoker.java:203)
at org.testng.internal.invokers.TestMethodWorker.invokeTestMethods(TestMethodWorker.java:154)
at org.testng.internal.invokers.TestMethodWorker.run(TestMethodWorker.java:134)
at java.base/java.util.ArrayList.forEach(ArrayList.java:1596)
at org.testng.TestRunner.privateRun(TestRunner.java:741)
at org.testng.TestRunner.run(TestRunner.java:616)
at org.testng.SuiteRunner.runTest(SuiteRunner.java:421)
at org.testng.SuiteRunner.runSequentially(SuiteRunner.java:413)
at org.testng.SuiteRunner.privateRun(SuiteRunner.java:373)
at org.testng.SuiteRunner.run(SuiteRunner.java:312)
at org.testng.SuiteRunnerWorker.runSuite(SuiteRunnerWorker.java:52)
at org.testng.SuiteRunnerWorker.run(SuiteRunnerWorker.java:95)
at org.testng.TestNG.runSuitesSequentially(TestNG.java:1274)
at org.testng.TestNG.runSuitesLocally(TestNG.java:1208)
at org.testng.TestNG.runSuites(TestNG.java:1112)
at org.testng.TestNG.run(TestNG.java:1079)
at org.testng.remote.AbstractRemoteTestNG.run(AbstractRemoteTestNG.java:115)
at org.testng.remote.RemoteTestNG.initAndRun(RemoteTestNG.java:293)
at org.testng.remote.RemoteTestNG.main(RemoteTestNG.java:91)
]]>
            </full-stacktrace>
          </exception> <!-- java.lang.AssertionError -->
          <reporter-output>
          </reporter-output>
        </test-method> <!-- test -->
        <test-method signature="test(java.lang.String,java.lang.String,java.lang.String,java.lang.String,java.lang.String,java.lang.String,java.lang.String,java.lang.String)[pri:0, instance:testng.form@4e08711f]" started-at="2025-04-24T19:25:09 BOT" name="test" data-provider="dataNumeric" finished-at="2025-04-24T19:25:11 BOT" duration-ms="1284" status="PASS">
          <params>
            <param index="0">
              <value>
                <![CDATA[María]]>
              </value>
            </param>
            <param index="1">
              <value>
                <![CDATA[Pérez]]>
              </value>
            </param>
            <param index="2">
              <value>
                <![CDATA[1992-09-18]]>
              </value>
            </param>
            <param index="3">
              <value>
                <![CDATA[Femenino]]>
              </value>
            </param>
            <param index="4">
              <value>
                <![CDATA[Cochabamba]]>
              </value>
            </param>
            <param index="5">
              <value>
                <![CDATA[Calle C, Nº 59]]>
              </value>
            </param>
            <param index="6">
              <value>
                <![CDATA[Casado]]>
              </value>
            </param>
            <param index="7">
              <value>
                <![CDATA[40581264]]>
              </value>
            </param>
          </params>
          <reporter-output>
          </reporter-output>
        </test-method> <!-- test -->
        <test-method signature="test(java.lang.String,java.lang.String,java.lang.String,java.lang.String,java.lang.String,java.lang.String,java.lang.String,java.lang.String)[pri:0, instance:testng.form@4e08711f]" started-at="2025-04-24T19:25:11 BOT" name="test" data-provider="dataNumeric" finished-at="2025-04-24T19:25:11 BOT" duration-ms="791" status="FAIL">
          <params>
            <param index="0">
              <value>
                <![CDATA[Juan]]>
              </value>
            </param>
            <param index="1">
              <value>
                <![CDATA[López]]>
              </value>
            </param>
            <param index="2">
              <value>
                <![CDATA[1983-03-10]]>
              </value>
            </param>
            <param index="3">
              <value>
                <![CDATA[Masculino]]>
              </value>
            </param>
            <param index="4">
              <value>
                <![CDATA[Tarija]]>
              </value>
            </param>
            <param index="5">
              <value>
                <![CDATA[Calle D, Nº 24]]>
              </value>
            </param>
            <param index="6">
              <value>
                <![CDATA[Soltero]]>
              </value>
            </param>
            <param index="7">
              <value>
                <![CDATA[72708469]]>
              </value>
            </param>
          </params>
          <exception class="java.lang.AssertionError">
            <message>
              <![CDATA[expected [Informacion con errores] but found [Informacion guardada]]]>
            </message>
            <full-stacktrace>
              <![CDATA[java.lang.AssertionError: expected [Informacion con errores] but found [Informacion guardada]
at org.testng.Assert.fail(Assert.java:111)
at org.testng.Assert.failNotEquals(Assert.java:1590)
at org.testng.Assert.assertEqualsImpl(Assert.java:150)
at org.testng.Assert.assertEquals(Assert.java:132)
at org.testng.Assert.assertEquals(Assert.java:656)
at org.testng.Assert.assertEquals(Assert.java:666)
at testng.form.test(form.java:119)
at java.base/jdk.internal.reflect.DirectMethodHandleAccessor.invoke(DirectMethodHandleAccessor.java:103)
at java.base/java.lang.reflect.Method.invoke(Method.java:580)
at org.testng.internal.invokers.MethodInvocationHelper.invokeMethod(MethodInvocationHelper.java:141)
at org.testng.internal.invokers.TestInvoker.invokeMethod(TestInvoker.java:687)
at org.testng.internal.invokers.TestInvoker.invokeTestMethod(TestInvoker.java:230)
at org.testng.internal.invokers.MethodRunner.runInSequence(MethodRunner.java:63)
at org.testng.internal.invokers.TestInvoker$MethodInvocationAgent.invoke(TestInvoker.java:995)
at org.testng.internal.invokers.TestInvoker.invokeTestMethods(TestInvoker.java:203)
at org.testng.internal.invokers.TestMethodWorker.invokeTestMethods(TestMethodWorker.java:154)
at org.testng.internal.invokers.TestMethodWorker.run(TestMethodWorker.java:134)
at java.base/java.util.ArrayList.forEach(ArrayList.java:1596)
at org.testng.TestRunner.privateRun(TestRunner.java:741)
at org.testng.TestRunner.run(TestRunner.java:616)
at org.testng.SuiteRunner.runTest(SuiteRunner.java:421)
at org.testng.SuiteRunner.runSequentially(SuiteRunner.java:413)
at org.testng.SuiteRunner.privateRun(SuiteRunner.java:373)
at org.testng.SuiteRunner.run(SuiteRunner.java:312)
at org.testng.SuiteRunnerWorker.runSuite(SuiteRunnerWorker.java:52)
at org.testng.SuiteRunnerWorker.run(SuiteRunnerWorker.java:95)
at org.testng.TestNG.runSuitesSequentially(TestNG.java:1274)
at org.testng.TestNG.runSuitesLocally(TestNG.java:1208)
at org.testng.TestNG.runSuites(TestNG.java:1112)
at org.testng.TestNG.run(TestNG.java:1079)
at org.testng.remote.AbstractRemoteTestNG.run(AbstractRemoteTestNG.java:115)
at org.testng.remote.RemoteTestNG.initAndRun(RemoteTestNG.java:293)
at org.testng.remote.RemoteTestNG.main(RemoteTestNG.java:91)
]]>
            </full-stacktrace>
          </exception> <!-- java.lang.AssertionError -->
          <reporter-output>
          </reporter-output>
        </test-method> <!-- test -->
        <test-method signature="test(java.lang.String,java.lang.String,java.lang.String,java.lang.String,java.lang.String,java.lang.String,java.lang.String,java.lang.String)[pri:0, instance:testng.form@4e08711f]" started-at="2025-04-24T19:25:11 BOT" name="test" data-provider="dataNumeric" finished-at="2025-04-24T19:25:12 BOT" duration-ms="836" status="PASS">
          <params>
            <param index="0">
              <value>
                <![CDATA[Laura]]>
              </value>
            </param>
            <param index="1">
              <value>
                <![CDATA[Martínez]]>
              </value>
            </param>
            <param index="2">
              <value>
                <![CDATA[1977-11-08]]>
              </value>
            </param>
            <param index="3">
              <value>
                <![CDATA[Femenino]]>
              </value>
            </param>
            <param index="4">
              <value>
                <![CDATA[Pando]]>
              </value>
            </param>
            <param index="5">
              <value>
                <![CDATA[Calle A, Nº 92]]>
              </value>
            </param>
            <param index="6">
              <value>
                <![CDATA[Casado]]>
              </value>
            </param>
            <param index="7">
              <value>
                <![CDATA[20653481]]>
              </value>
            </param>
          </params>
          <reporter-output>
          </reporter-output>
        </test-method> <!-- test -->
        <test-method signature="test(java.lang.String,java.lang.String,java.lang.String,java.lang.String,java.lang.String,java.lang.String,java.lang.String,java.lang.String)[pri:0, instance:testng.form@4e08711f]" started-at="2025-04-24T19:25:12 BOT" name="test" data-provider="dataNumeric" finished-at="2025-04-24T19:25:13 BOT" duration-ms="789" status="PASS">
          <params>
            <param index="0">
              <value>
                <![CDATA[Carlos]]>
              </value>
            </param>
            <param index="1">
              <value>
                <![CDATA[Sánchez]]>
              </value>
            </param>
            <param index="2">
              <value>
                <![CDATA[1989-07-30]]>
              </value>
            </param>
            <param index="3">
              <value>
                <![CDATA[Masculino]]>
              </value>
            </param>
            <param index="4">
              <value>
                <![CDATA[La Paz]]>
              </value>
            </param>
            <param index="5">
              <value>
                <![CDATA[Calle E, Nº 83]]>
              </value>
            </param>
            <param index="6">
              <value>
                <![CDATA[Soltero]]>
              </value>
            </param>
            <param index="7">
              <value>
                <![CDATA[14392768]]>
              </value>
            </param>
          </params>
          <reporter-output>
          </reporter-output>
        </test-method> <!-- test -->
        <test-method signature="test(java.lang.String,java.lang.String,java.lang.String,java.lang.String,java.lang.String,java.lang.String,java.lang.String,java.lang.String)[pri:0, instance:testng.form@4e08711f]" started-at="2025-04-24T19:25:13 BOT" name="test" data-provider="dataNumeric" finished-at="2025-04-24T19:25:14 BOT" duration-ms="844" status="FAIL">
          <params>
            <param index="0">
              <value>
                <![CDATA[Sofía]]>
              </value>
            </param>
            <param index="1">
              <value>
                <![CDATA[Díaz]]>
              </value>
            </param>
            <param index="2">
              <value>
                <![CDATA[1984-02-14]]>
              </value>
            </param>
            <param index="3">
              <value>
                <![CDATA[Femenino]]>
              </value>
            </param>
            <param index="4">
              <value>
                <![CDATA[Oruro]]>
              </value>
            </param>
            <param index="5">
              <value>
                <![CDATA[Calle B, Nº 6]]>
              </value>
            </param>
            <param index="6">
              <value>
                <![CDATA[Casado]]>
              </value>
            </param>
            <param index="7">
              <value>
                <![CDATA[97821546]]>
              </value>
            </param>
          </params>
          <exception class="java.lang.AssertionError">
            <message>
              <![CDATA[expected [Informacion con errores] but found [Informacion guardada]]]>
            </message>
            <full-stacktrace>
              <![CDATA[java.lang.AssertionError: expected [Informacion con errores] but found [Informacion guardada]
at org.testng.Assert.fail(Assert.java:111)
at org.testng.Assert.failNotEquals(Assert.java:1590)
at org.testng.Assert.assertEqualsImpl(Assert.java:150)
at org.testng.Assert.assertEquals(Assert.java:132)
at org.testng.Assert.assertEquals(Assert.java:656)
at org.testng.Assert.assertEquals(Assert.java:666)
at testng.form.test(form.java:119)
at java.base/jdk.internal.reflect.DirectMethodHandleAccessor.invoke(DirectMethodHandleAccessor.java:103)
at java.base/java.lang.reflect.Method.invoke(Method.java:580)
at org.testng.internal.invokers.MethodInvocationHelper.invokeMethod(MethodInvocationHelper.java:141)
at org.testng.internal.invokers.TestInvoker.invokeMethod(TestInvoker.java:687)
at org.testng.internal.invokers.TestInvoker.invokeTestMethod(TestInvoker.java:230)
at org.testng.internal.invokers.MethodRunner.runInSequence(MethodRunner.java:63)
at org.testng.internal.invokers.TestInvoker$MethodInvocationAgent.invoke(TestInvoker.java:995)
at org.testng.internal.invokers.TestInvoker.invokeTestMethods(TestInvoker.java:203)
at org.testng.internal.invokers.TestMethodWorker.invokeTestMethods(TestMethodWorker.java:154)
at org.testng.internal.invokers.TestMethodWorker.run(TestMethodWorker.java:134)
at java.base/java.util.ArrayList.forEach(ArrayList.java:1596)
at org.testng.TestRunner.privateRun(TestRunner.java:741)
at org.testng.TestRunner.run(TestRunner.java:616)
at org.testng.SuiteRunner.runTest(SuiteRunner.java:421)
at org.testng.SuiteRunner.runSequentially(SuiteRunner.java:413)
at org.testng.SuiteRunner.privateRun(SuiteRunner.java:373)
at org.testng.SuiteRunner.run(SuiteRunner.java:312)
at org.testng.SuiteRunnerWorker.runSuite(SuiteRunnerWorker.java:52)
at org.testng.SuiteRunnerWorker.run(SuiteRunnerWorker.java:95)
at org.testng.TestNG.runSuitesSequentially(TestNG.java:1274)
at org.testng.TestNG.runSuitesLocally(TestNG.java:1208)
at org.testng.TestNG.runSuites(TestNG.java:1112)
at org.testng.TestNG.run(TestNG.java:1079)
at org.testng.remote.AbstractRemoteTestNG.run(AbstractRemoteTestNG.java:115)
at org.testng.remote.RemoteTestNG.initAndRun(RemoteTestNG.java:293)
at org.testng.remote.RemoteTestNG.main(RemoteTestNG.java:91)
]]>
            </full-stacktrace>
          </exception> <!-- java.lang.AssertionError -->
          <reporter-output>
          </reporter-output>
        </test-method> <!-- test -->
        <test-method signature="test(java.lang.String,java.lang.String,java.lang.String,java.lang.String,java.lang.String,java.lang.String,java.lang.String,java.lang.String)[pri:0, instance:testng.form@4e08711f]" started-at="2025-04-24T19:25:14 BOT" name="test" data-provider="dataNumeric" finished-at="2025-04-24T19:25:15 BOT" duration-ms="800" status="PASS">
          <params>
            <param index="0">
              <value>
                <![CDATA[Diego]]>
              </value>
            </param>
            <param index="1">
              <value>
                <![CDATA[Fernández]]>
              </value>
            </param>
            <param index="2">
              <value>
                <![CDATA[1995-10-05]]>
              </value>
            </param>
            <param index="3">
              <value>
                <![CDATA[Masculino]]>
              </value>
            </param>
            <param index="4">
              <value>
                <![CDATA[Sucre]]>
              </value>
            </param>
            <param index="5">
              <value>
                <![CDATA[Calle C, Nº 73]]>
              </value>
            </param>
            <param index="6">
              <value>
                <![CDATA[Soltero]]>
              </value>
            </param>
            <param index="7">
              <value>
                <![CDATA[68873519]]>
              </value>
            </param>
          </params>
          <reporter-output>
          </reporter-output>
        </test-method> <!-- test -->
        <test-method signature="test(java.lang.String,java.lang.String,java.lang.String,java.lang.String,java.lang.String,java.lang.String,java.lang.String,java.lang.String)[pri:0, instance:testng.form@4e08711f]" started-at="2025-04-24T19:25:15 BOT" name="test" data-provider="dataNumeric" finished-at="2025-04-24T19:25:15 BOT" duration-ms="776" status="FAIL">
          <params>
            <param index="0">
              <value>
                <![CDATA[Ana]]>
              </value>
            </param>
            <param index="1">
              <value>
                <![CDATA[Torres]]>
              </value>
            </param>
            <param index="2">
              <value>
                <![CDATA[1990-06-29]]>
              </value>
            </param>
            <param index="3">
              <value>
                <![CDATA[Femenino]]>
              </value>
            </param>
            <param index="4">
              <value>
                <![CDATA[Beni]]>
              </value>
            </param>
            <param index="5">
              <value>
                <![CDATA[Calle D, Nº 11]]>
              </value>
            </param>
            <param index="6">
              <value>
                <![CDATA[Casado]]>
              </value>
            </param>
            <param index="7">
              <value>
                <![CDATA[51948367]]>
              </value>
            </param>
          </params>
          <exception class="java.lang.AssertionError">
            <message>
              <![CDATA[expected [Informacion con errores] but found [Informacion guardada]]]>
            </message>
            <full-stacktrace>
              <![CDATA[java.lang.AssertionError: expected [Informacion con errores] but found [Informacion guardada]
at org.testng.Assert.fail(Assert.java:111)
at org.testng.Assert.failNotEquals(Assert.java:1590)
at org.testng.Assert.assertEqualsImpl(Assert.java:150)
at org.testng.Assert.assertEquals(Assert.java:132)
at org.testng.Assert.assertEquals(Assert.java:656)
at org.testng.Assert.assertEquals(Assert.java:666)
at testng.form.test(form.java:119)
at java.base/jdk.internal.reflect.DirectMethodHandleAccessor.invoke(DirectMethodHandleAccessor.java:103)
at java.base/java.lang.reflect.Method.invoke(Method.java:580)
at org.testng.internal.invokers.MethodInvocationHelper.invokeMethod(MethodInvocationHelper.java:141)
at org.testng.internal.invokers.TestInvoker.invokeMethod(TestInvoker.java:687)
at org.testng.internal.invokers.TestInvoker.invokeTestMethod(TestInvoker.java:230)
at org.testng.internal.invokers.MethodRunner.runInSequence(MethodRunner.java:63)
at org.testng.internal.invokers.TestInvoker$MethodInvocationAgent.invoke(TestInvoker.java:995)
at org.testng.internal.invokers.TestInvoker.invokeTestMethods(TestInvoker.java:203)
at org.testng.internal.invokers.TestMethodWorker.invokeTestMethods(TestMethodWorker.java:154)
at org.testng.internal.invokers.TestMethodWorker.run(TestMethodWorker.java:134)
at java.base/java.util.ArrayList.forEach(ArrayList.java:1596)
at org.testng.TestRunner.privateRun(TestRunner.java:741)
at org.testng.TestRunner.run(TestRunner.java:616)
at org.testng.SuiteRunner.runTest(SuiteRunner.java:421)
at org.testng.SuiteRunner.runSequentially(SuiteRunner.java:413)
at org.testng.SuiteRunner.privateRun(SuiteRunner.java:373)
at org.testng.SuiteRunner.run(SuiteRunner.java:312)
at org.testng.SuiteRunnerWorker.runSuite(SuiteRunnerWorker.java:52)
at org.testng.SuiteRunnerWorker.run(SuiteRunnerWorker.java:95)
at org.testng.TestNG.runSuitesSequentially(TestNG.java:1274)
at org.testng.TestNG.runSuitesLocally(TestNG.java:1208)
at org.testng.TestNG.runSuites(TestNG.java:1112)
at org.testng.TestNG.run(TestNG.java:1079)
at org.testng.remote.AbstractRemoteTestNG.run(AbstractRemoteTestNG.java:115)
at org.testng.remote.RemoteTestNG.initAndRun(RemoteTestNG.java:293)
at org.testng.remote.RemoteTestNG.main(RemoteTestNG.java:91)
]]>
            </full-stacktrace>
          </exception> <!-- java.lang.AssertionError -->
          <reporter-output>
          </reporter-output>
        </test-method> <!-- test -->
        <test-method signature="test(java.lang.String,java.lang.String,java.lang.String,java.lang.String,java.lang.String,java.lang.String,java.lang.String,java.lang.String)[pri:0, instance:testng.form@4e08711f]" started-at="2025-04-24T19:25:15 BOT" name="test" data-provider="dataNumeric" finished-at="2025-04-24T19:25:16 BOT" duration-ms="782" status="PASS">
          <params>
            <param index="0">
              <value>
                <![CDATA[Pedro]]>
              </value>
            </param>
            <param index="1">
              <value>
                <![CDATA[Rodríguez]]>
              </value>
            </param>
            <param index="2">
              <value>
                <![CDATA[1980-04-03]]>
              </value>
            </param>
            <param index="3">
              <value>
                <![CDATA[Masculino]]>
              </value>
            </param>
            <param index="4">
              <value>
                <![CDATA[La Paz]]>
              </value>
            </param>
            <param index="5">
              <value>
                <![CDATA[Calle A, Nº 76]]>
              </value>
            </param>
            <param index="6">
              <value>
                <![CDATA[Soltero]]>
              </value>
            </param>
            <param index="7">
              <value>
                <![CDATA[86254937]]>
              </value>
            </param>
          </params>
          <reporter-output>
          </reporter-output>
        </test-method> <!-- test -->
        <test-method signature="test(java.lang.String,java.lang.String,java.lang.String,java.lang.String,java.lang.String,java.lang.String,java.lang.String,java.lang.String)[pri:0, instance:testng.form@4e08711f]" started-at="2025-04-24T19:25:16 BOT" name="test" data-provider="dataNumeric" finished-at="2025-04-24T19:25:17 BOT" duration-ms="812" status="PASS">
          <params>
            <param index="0">
              <value>
                <![CDATA[Marta]]>
              </value>
            </param>
            <param index="1">
              <value>
                <![CDATA[Gómez]]>
              </value>
            </param>
            <param index="2">
              <value>
                <![CDATA[1987-08-20]]>
              </value>
            </param>
            <param index="3">
              <value>
                <![CDATA[Femenino]]>
              </value>
            </param>
            <param index="4">
              <value>
                <![CDATA[Santa Cruz]]>
              </value>
            </param>
            <param index="5">
              <value>
                <![CDATA[Calle E, Nº 30]]>
              </value>
            </param>
            <param index="6">
              <value>
                <![CDATA[Casado]]>
              </value>
            </param>
            <param index="7">
              <value>
                <![CDATA[34169875]]>
              </value>
            </param>
          </params>
          <reporter-output>
          </reporter-output>
        </test-method> <!-- test -->
        <test-method signature="test(java.lang.String,java.lang.String,java.lang.String,java.lang.String,java.lang.String,java.lang.String,java.lang.String,java.lang.String)[pri:0, instance:testng.form@4e08711f]" started-at="2025-04-24T19:25:17 BOT" name="test" data-provider="dataNumeric" finished-at="2025-04-24T19:25:18 BOT" duration-ms="765" status="PASS">
          <params>
            <param index="0">
              <value>
                <![CDATA[Javier]]>
              </value>
            </param>
            <param index="1">
              <value>
                <![CDATA[Chávez]]>
              </value>
            </param>
            <param index="2">
              <value>
                <![CDATA[1982-12-12]]>
              </value>
            </param>
            <param index="3">
              <value>
                <![CDATA[Masculino]]>
              </value>
            </param>
            <param index="4">
              <value>
                <![CDATA[Tarija]]>
              </value>
            </param>
            <param index="5">
              <value>
                <![CDATA[Calle B, Nº 44]]>
              </value>
            </param>
            <param index="6">
              <value>
                <![CDATA[Soltero]]>
              </value>
            </param>
            <param index="7">
              <value>
                <![CDATA[73961052]]>
              </value>
            </param>
          </params>
          <reporter-output>
          </reporter-output>
        </test-method> <!-- test -->
        <test-method signature="test(java.lang.String,java.lang.String,java.lang.String,java.lang.String,java.lang.String,java.lang.String,java.lang.String,java.lang.String)[pri:0, instance:testng.form@4e08711f]" started-at="2025-04-24T19:25:18 BOT" name="test" data-provider="dataNumeric" finished-at="2025-04-24T19:25:19 BOT" duration-ms="800" status="FAIL">
          <params>
            <param index="0">
              <value>
                <![CDATA[Elena]]>
              </value>
            </param>
            <param index="1">
              <value>
                <![CDATA[Ruiz]]>
              </value>
            </param>
            <param index="2">
              <value>
                <![CDATA[1979-01-17]]>
              </value>
            </param>
            <param index="3">
              <value>
                <![CDATA[Femenino]]>
              </value>
            </param>
            <param index="4">
              <value>
                <![CDATA[Cochabamba]]>
              </value>
            </param>
            <param index="5">
              <value>
                <![CDATA[Calle C, Nº 78]]>
              </value>
            </param>
            <param index="6">
              <value>
                <![CDATA[Casado]]>
              </value>
            </param>
            <param index="7">
              <value>
                <![CDATA[12643890]]>
              </value>
            </param>
          </params>
          <exception class="java.lang.AssertionError">
            <message>
              <![CDATA[expected [Informacion con errores] but found [Informacion guardada]]]>
            </message>
            <full-stacktrace>
              <![CDATA[java.lang.AssertionError: expected [Informacion con errores] but found [Informacion guardada]
at org.testng.Assert.fail(Assert.java:111)
at org.testng.Assert.failNotEquals(Assert.java:1590)
at org.testng.Assert.assertEqualsImpl(Assert.java:150)
at org.testng.Assert.assertEquals(Assert.java:132)
at org.testng.Assert.assertEquals(Assert.java:656)
at org.testng.Assert.assertEquals(Assert.java:666)
at testng.form.test(form.java:119)
at java.base/jdk.internal.reflect.DirectMethodHandleAccessor.invoke(DirectMethodHandleAccessor.java:103)
at java.base/java.lang.reflect.Method.invoke(Method.java:580)
at org.testng.internal.invokers.MethodInvocationHelper.invokeMethod(MethodInvocationHelper.java:141)
at org.testng.internal.invokers.TestInvoker.invokeMethod(TestInvoker.java:687)
at org.testng.internal.invokers.TestInvoker.invokeTestMethod(TestInvoker.java:230)
at org.testng.internal.invokers.MethodRunner.runInSequence(MethodRunner.java:63)
at org.testng.internal.invokers.TestInvoker$MethodInvocationAgent.invoke(TestInvoker.java:995)
at org.testng.internal.invokers.TestInvoker.invokeTestMethods(TestInvoker.java:203)
at org.testng.internal.invokers.TestMethodWorker.invokeTestMethods(TestMethodWorker.java:154)
at org.testng.internal.invokers.TestMethodWorker.run(TestMethodWorker.java:134)
at java.base/java.util.ArrayList.forEach(ArrayList.java:1596)
at org.testng.TestRunner.privateRun(TestRunner.java:741)
at org.testng.TestRunner.run(TestRunner.java:616)
at org.testng.SuiteRunner.runTest(SuiteRunner.java:421)
at org.testng.SuiteRunner.runSequentially(SuiteRunner.java:413)
at org.testng.SuiteRunner.privateRun(SuiteRunner.java:373)
at org.testng.SuiteRunner.run(SuiteRunner.java:312)
at org.testng.SuiteRunnerWorker.runSuite(SuiteRunnerWorker.java:52)
at org.testng.SuiteRunnerWorker.run(SuiteRunnerWorker.java:95)
at org.testng.TestNG.runSuitesSequentially(TestNG.java:1274)
at org.testng.TestNG.runSuitesLocally(TestNG.java:1208)
at org.testng.TestNG.runSuites(TestNG.java:1112)
at org.testng.TestNG.run(TestNG.java:1079)
at org.testng.remote.AbstractRemoteTestNG.run(AbstractRemoteTestNG.java:115)
at org.testng.remote.RemoteTestNG.initAndRun(RemoteTestNG.java:293)
at org.testng.remote.RemoteTestNG.main(RemoteTestNG.java:91)
]]>
            </full-stacktrace>
          </exception> <!-- java.lang.AssertionError -->
          <reporter-output>
          </reporter-output>
        </test-method> <!-- test -->
        <test-method signature="test(java.lang.String,java.lang.String,java.lang.String,java.lang.String,java.lang.String,java.lang.String,java.lang.String,java.lang.String)[pri:0, instance:testng.form@4e08711f]" started-at="2025-04-24T19:25:19 BOT" name="test" data-provider="dataNumeric" finished-at="2025-04-24T19:25:19 BOT" duration-ms="823" status="PASS">
          <params>
            <param index="0">
              <value>
                <![CDATA[Gabriel]]>
              </value>
            </param>
            <param index="1">
              <value>
                <![CDATA[Hernández]]>
              </value>
            </param>
            <param index="2">
              <value>
                <![CDATA[1991-05-09]]>
              </value>
            </param>
            <param index="3">
              <value>
                <![CDATA[Masculino]]>
              </value>
            </param>
            <param index="4">
              <value>
                <![CDATA[Santa Cruz]]>
              </value>
            </param>
            <param index="5">
              <value>
                <![CDATA[Calle D, Nº 51]]>
              </value>
            </param>
            <param index="6">
              <value>
                <![CDATA[Soltero]]>
              </value>
            </param>
            <param index="7">
              <value>
                <![CDATA[68092347]]>
              </value>
            </param>
          </params>
          <reporter-output>
          </reporter-output>
        </test-method> <!-- test -->
        <test-method signature="test(java.lang.String,java.lang.String,java.lang.String,java.lang.String,java.lang.String,java.lang.String,java.lang.String,java.lang.String)[pri:0, instance:testng.form@4e08711f]" started-at="2025-04-24T19:25:19 BOT" name="test" data-provider="dataNumeric" finished-at="2025-04-24T19:25:20 BOT" duration-ms="471" status="FAIL">
          <params>
            <param index="0">
              <value>
                <![CDATA[Fernanda]]>
              </value>
            </param>
            <param index="1">
              <value>
                <![CDATA[Alvarez]]>
              </value>
            </param>
            <param index="2">
              <value>
                <![CDATA[1986-03-26]]>
              </value>
            </param>
            <param index="3">
              <value>
                <![CDATA[Femenino]]>
              </value>
            </param>
            <param index="4">
              <value>
                <![CDATA[Potosí]]>
              </value>
            </param>
            <param index="5">
              <value>
                <![CDATA[Calle A, Nº 88]]>
              </value>
            </param>
            <param index="6">
              <value>
                <![CDATA[Casado]]>
              </value>
            </param>
            <param index="7">
              <value>
                <![CDATA[15476392]]>
              </value>
            </param>
          </params>
          <exception class="org.openqa.selenium.NoSuchElementException">
            <message>
              <![CDATA[Cannot locate option with value: Potosí
For documentation on this error, please visit: https://www.selenium.dev/documentation/webdriver/troubleshooting/errors#no-such-element-exception
Build info: version: '4.30.0', revision: '509c7f17cc*'
System info: os.name: 'Windows 11', os.arch: 'amd64', os.version: '10.0', java.version: '21.0.6'
Driver info: driver.version: unknown]]>
            </message>
            <full-stacktrace>
              <![CDATA[org.openqa.selenium.NoSuchElementException: Cannot locate option with value: Potosí
For documentation on this error, please visit: https://www.selenium.dev/documentation/webdriver/troubleshooting/errors#no-such-element-exception
Build info: version: '4.30.0', revision: '509c7f17cc*'
System info: os.name: 'Windows 11', os.arch: 'amd64', os.version: '10.0', java.version: '21.0.6'
Driver info: driver.version: unknown
at org.openqa.selenium.support.ui.Select.findOptionsByValue(Select.java:393)
at org.openqa.selenium.support.ui.Select.selectByValue(Select.java:277)
at testng.form.test(form.java:97)
at java.base/jdk.internal.reflect.DirectMethodHandleAccessor.invoke(DirectMethodHandleAccessor.java:103)
at java.base/java.lang.reflect.Method.invoke(Method.java:580)
at org.testng.internal.invokers.MethodInvocationHelper.invokeMethod(MethodInvocationHelper.java:141)
at org.testng.internal.invokers.TestInvoker.invokeMethod(TestInvoker.java:687)
at org.testng.internal.invokers.TestInvoker.invokeTestMethod(TestInvoker.java:230)
at org.testng.internal.invokers.MethodRunner.runInSequence(MethodRunner.java:63)
at org.testng.internal.invokers.TestInvoker$MethodInvocationAgent.invoke(TestInvoker.java:995)
at org.testng.internal.invokers.TestInvoker.invokeTestMethods(TestInvoker.java:203)
at org.testng.internal.invokers.TestMethodWorker.invokeTestMethods(TestMethodWorker.java:154)
at org.testng.internal.invokers.TestMethodWorker.run(TestMethodWorker.java:134)
at java.base/java.util.ArrayList.forEach(ArrayList.java:1596)
at org.testng.TestRunner.privateRun(TestRunner.java:741)
at org.testng.TestRunner.run(TestRunner.java:616)
at org.testng.SuiteRunner.runTest(SuiteRunner.java:421)
at org.testng.SuiteRunner.runSequentially(SuiteRunner.java:413)
at org.testng.SuiteRunner.privateRun(SuiteRunner.java:373)
at org.testng.SuiteRunner.run(SuiteRunner.java:312)
at org.testng.SuiteRunnerWorker.runSuite(SuiteRunnerWorker.java:52)
at org.testng.SuiteRunnerWorker.run(SuiteRunnerWorker.java:95)
at org.testng.TestNG.runSuitesSequentially(TestNG.java:1274)
at org.testng.TestNG.runSuitesLocally(TestNG.java:1208)
at org.testng.TestNG.runSuites(TestNG.java:1112)
at org.testng.TestNG.run(TestNG.java:1079)
at org.testng.remote.AbstractRemoteTestNG.run(AbstractRemoteTestNG.java:115)
at org.testng.remote.RemoteTestNG.initAndRun(RemoteTestNG.java:293)
at org.testng.remote.RemoteTestNG.main(RemoteTestNG.java:91)
]]>
            </full-stacktrace>
          </exception> <!-- org.openqa.selenium.NoSuchElementException -->
          <reporter-output>
          </reporter-output>
        </test-method> <!-- test -->
        <test-method signature="test(java.lang.String,java.lang.String,java.lang.String,java.lang.String,java.lang.String,java.lang.String,java.lang.String,java.lang.String)[pri:0, instance:testng.form@4e08711f]" started-at="2025-04-24T19:25:20 BOT" name="test" data-provider="dataNumeric" finished-at="2025-04-24T19:25:21 BOT" duration-ms="775" status="PASS">
          <params>
            <param index="0">
              <value>
                <![CDATA[Luis]]>
              </value>
            </param>
            <param index="1">
              <value>
                <![CDATA[Moreno]]>
              </value>
            </param>
            <param index="2">
              <value>
                <![CDATA[1978-09-11]]>
              </value>
            </param>
            <param index="3">
              <value>
                <![CDATA[Masculino]]>
              </value>
            </param>
            <param index="4">
              <value>
                <![CDATA[La Paz]]>
              </value>
            </param>
            <param index="5">
              <value>
                <![CDATA[Calle E, Nº 19]]>
              </value>
            </param>
            <param index="6">
              <value>
                <![CDATA[Soltero]]>
              </value>
            </param>
            <param index="7">
              <value>
                <![CDATA[39521867]]>
              </value>
            </param>
          </params>
          <reporter-output>
          </reporter-output>
        </test-method> <!-- test -->
        <test-method signature="test(java.lang.String,java.lang.String,java.lang.String,java.lang.String,java.lang.String,java.lang.String,java.lang.String,java.lang.String)[pri:0, instance:testng.form@4e08711f]" started-at="2025-04-24T19:25:21 BOT" name="test" data-provider="dataNumeric" finished-at="2025-04-24T19:25:21 BOT" duration-ms="808" status="PASS">
          <params>
            <param index="0">
              <value>
                <![CDATA[Ricardo]]>
              </value>
            </param>
            <param index="1">
              <value>
                <![CDATA[Núñez]]>
              </value>
            </param>
            <param index="2">
              <value>
                <![CDATA[1981-06-15]]>
              </value>
            </param>
            <param index="3">
              <value>
                <![CDATA[Masculino]]>
              </value>
            </param>
            <param index="4">
              <value>
                <![CDATA[Cochabamba]]>
              </value>
            </param>
            <param index="5">
              <value>
                <![CDATA[Calle A, Nº 62]]>
              </value>
            </param>
            <param index="6">
              <value>
                <![CDATA[Soltero]]>
              </value>
            </param>
            <param index="7">
              <value>
                <![CDATA[78301492]]>
              </value>
            </param>
          </params>
          <reporter-output>
          </reporter-output>
        </test-method> <!-- test -->
        <test-method signature="test(java.lang.String,java.lang.String,java.lang.String,java.lang.String,java.lang.String,java.lang.String,java.lang.String,java.lang.String)[pri:0, instance:testng.form@4e08711f]" started-at="2025-04-24T19:25:21 BOT" name="test" data-provider="dataNumeric" finished-at="2025-04-24T19:25:22 BOT" duration-ms="858" status="FAIL">
          <params>
            <param index="0">
              <value>
                <![CDATA[Paula]]>
              </value>
            </param>
            <param index="1">
              <value>
                <![CDATA[Sosa]]>
              </value>
            </param>
            <param index="2">
              <value>
                <![CDATA[1990-10-19]]>
              </value>
            </param>
            <param index="3">
              <value>
                <![CDATA[Femenino]]>
              </value>
            </param>
            <param index="4">
              <value>
                <![CDATA[Beni]]>
              </value>
            </param>
            <param index="5">
              <value>
                <![CDATA[Calle E, Nº 77]]>
              </value>
            </param>
            <param index="6">
              <value>
                <![CDATA[Casado]]>
              </value>
            </param>
            <param index="7">
              <value>
                <![CDATA[62571934]]>
              </value>
            </param>
          </params>
          <exception class="java.lang.AssertionError">
            <message>
              <![CDATA[expected [Informacion con errores] but found [Informacion guardada]]]>
            </message>
            <full-stacktrace>
              <![CDATA[java.lang.AssertionError: expected [Informacion con errores] but found [Informacion guardada]
at org.testng.Assert.fail(Assert.java:111)
at org.testng.Assert.failNotEquals(Assert.java:1590)
at org.testng.Assert.assertEqualsImpl(Assert.java:150)
at org.testng.Assert.assertEquals(Assert.java:132)
at org.testng.Assert.assertEquals(Assert.java:656)
at org.testng.Assert.assertEquals(Assert.java:666)
at testng.form.test(form.java:119)
at java.base/jdk.internal.reflect.DirectMethodHandleAccessor.invoke(DirectMethodHandleAccessor.java:103)
at java.base/java.lang.reflect.Method.invoke(Method.java:580)
at org.testng.internal.invokers.MethodInvocationHelper.invokeMethod(MethodInvocationHelper.java:141)
at org.testng.internal.invokers.TestInvoker.invokeMethod(TestInvoker.java:687)
at org.testng.internal.invokers.TestInvoker.invokeTestMethod(TestInvoker.java:230)
at org.testng.internal.invokers.MethodRunner.runInSequence(MethodRunner.java:63)
at org.testng.internal.invokers.TestInvoker$MethodInvocationAgent.invoke(TestInvoker.java:995)
at org.testng.internal.invokers.TestInvoker.invokeTestMethods(TestInvoker.java:203)
at org.testng.internal.invokers.TestMethodWorker.invokeTestMethods(TestMethodWorker.java:154)
at org.testng.internal.invokers.TestMethodWorker.run(TestMethodWorker.java:134)
at java.base/java.util.ArrayList.forEach(ArrayList.java:1596)
at org.testng.TestRunner.privateRun(TestRunner.java:741)
at org.testng.TestRunner.run(TestRunner.java:616)
at org.testng.SuiteRunner.runTest(SuiteRunner.java:421)
at org.testng.SuiteRunner.runSequentially(SuiteRunner.java:413)
at org.testng.SuiteRunner.privateRun(SuiteRunner.java:373)
at org.testng.SuiteRunner.run(SuiteRunner.java:312)
at org.testng.SuiteRunnerWorker.runSuite(SuiteRunnerWorker.java:52)
at org.testng.SuiteRunnerWorker.run(SuiteRunnerWorker.java:95)
at org.testng.TestNG.runSuitesSequentially(TestNG.java:1274)
at org.testng.TestNG.runSuitesLocally(TestNG.java:1208)
at org.testng.TestNG.runSuites(TestNG.java:1112)
at org.testng.TestNG.run(TestNG.java:1079)
at org.testng.remote.AbstractRemoteTestNG.run(AbstractRemoteTestNG.java:115)
at org.testng.remote.RemoteTestNG.initAndRun(RemoteTestNG.java:293)
at org.testng.remote.RemoteTestNG.main(RemoteTestNG.java:91)
]]>
            </full-stacktrace>
          </exception> <!-- java.lang.AssertionError -->
          <reporter-output>
          </reporter-output>
        </test-method> <!-- test -->
        <test-method signature="test(java.lang.String,java.lang.String,java.lang.String,java.lang.String,java.lang.String,java.lang.String,java.lang.String,java.lang.String)[pri:0, instance:testng.form@4e08711f]" started-at="2025-04-24T19:25:22 BOT" name="test" data-provider="dataNumeric" finished-at="2025-04-24T19:25:23 BOT" duration-ms="818" status="PASS">
          <params>
            <param index="0">
              <value>
                <![CDATA[Miguel]]>
              </value>
            </param>
            <param index="1">
              <value>
                <![CDATA[Martínez]]>
              </value>
            </param>
            <param index="2">
              <value>
                <![CDATA[1985-04-12]]>
              </value>
            </param>
            <param index="3">
              <value>
                <![CDATA[Masculino]]>
              </value>
            </param>
            <param index="4">
              <value>
                <![CDATA[La Paz]]>
              </value>
            </param>
            <param index="5">
              <value>
                <![CDATA[Calle B, Nº 16]]>
              </value>
            </param>
            <param index="6">
              <value>
                <![CDATA[Soltero]]>
              </value>
            </param>
            <param index="7">
              <value>
                <![CDATA[29814573]]>
              </value>
            </param>
          </params>
          <reporter-output>
          </reporter-output>
        </test-method> <!-- test -->
        <test-method signature="test(java.lang.String,java.lang.String,java.lang.String,java.lang.String,java.lang.String,java.lang.String,java.lang.String,java.lang.String)[pri:0, instance:testng.form@4e08711f]" started-at="2025-04-24T19:25:23 BOT" name="test" data-provider="dataNumeric" finished-at="2025-04-24T19:25:24 BOT" duration-ms="827" status="PASS">
          <params>
            <param index="0">
              <value>
                <![CDATA[Marina]]>
              </value>
            </param>
            <param index="1">
              <value>
                <![CDATA[García]]>
              </value>
            </param>
            <param index="2">
              <value>
                <![CDATA[1989-08-01]]>
              </value>
            </param>
            <param index="3">
              <value>
                <![CDATA[Femenino]]>
              </value>
            </param>
            <param index="4">
              <value>
                <![CDATA[Santa Cruz]]>
              </value>
            </param>
            <param index="5">
              <value>
                <![CDATA[Calle C, Nº 49]]>
              </value>
            </param>
            <param index="6">
              <value>
                <![CDATA[Casado]]>
              </value>
            </param>
            <param index="7">
              <value>
                <![CDATA[50739284]]>
              </value>
            </param>
          </params>
          <reporter-output>
          </reporter-output>
        </test-method> <!-- test -->
        <test-method signature="test(java.lang.String,java.lang.String,java.lang.String,java.lang.String,java.lang.String,java.lang.String,java.lang.String,java.lang.String)[pri:0, instance:testng.form@4e08711f]" started-at="2025-04-24T19:25:24 BOT" name="test" data-provider="dataNumeric" finished-at="2025-04-24T19:25:25 BOT" duration-ms="818" status="PASS">
          <params>
            <param index="0">
              <value>
                <![CDATA[Francisco]]>
              </value>
            </param>
            <param index="1">
              <value>
                <![CDATA[Pérez]]>
              </value>
            </param>
            <param index="2">
              <value>
                <![CDATA[1983-01-28]]>
              </value>
            </param>
            <param index="3">
              <value>
                <![CDATA[Masculino]]>
              </value>
            </param>
            <param index="4">
              <value>
                <![CDATA[Tarija]]>
              </value>
            </param>
            <param index="5">
              <value>
                <![CDATA[Calle D, Nº 21]]>
              </value>
            </param>
            <param index="6">
              <value>
                <![CDATA[Soltero]]>
              </value>
            </param>
            <param index="7">
              <value>
                <![CDATA[43682519]]>
              </value>
            </param>
          </params>
          <reporter-output>
          </reporter-output>
        </test-method> <!-- test -->
        <test-method signature="test(java.lang.String,java.lang.String,java.lang.String,java.lang.String,java.lang.String,java.lang.String,java.lang.String,java.lang.String)[pri:0, instance:testng.form@4e08711f]" started-at="2025-04-24T19:25:25 BOT" name="test" data-provider="dataNumeric" finished-at="2025-04-24T19:25:25 BOT" duration-ms="458" status="FAIL">
          <params>
            <param index="0">
              <value>
                <![CDATA[Julia]]>
              </value>
            </param>
            <param index="1">
              <value>
                <![CDATA[Sánchez]]>
              </value>
            </param>
            <param index="2">
              <value>
                <![CDATA[1986-07-13]]>
              </value>
            </param>
            <param index="3">
              <value>
                <![CDATA[Femenino]]>
              </value>
            </param>
            <param index="4">
              <value>
                <![CDATA[Potosí]]>
              </value>
            </param>
            <param index="5">
              <value>
                <![CDATA[Calle A, Nº 95]]>
              </value>
            </param>
            <param index="6">
              <value>
                <![CDATA[Casado]]>
              </value>
            </param>
            <param index="7">
              <value>
                <![CDATA[91784635]]>
              </value>
            </param>
          </params>
          <exception class="org.openqa.selenium.NoSuchElementException">
            <message>
              <![CDATA[Cannot locate option with value: Potosí
For documentation on this error, please visit: https://www.selenium.dev/documentation/webdriver/troubleshooting/errors#no-such-element-exception
Build info: version: '4.30.0', revision: '509c7f17cc*'
System info: os.name: 'Windows 11', os.arch: 'amd64', os.version: '10.0', java.version: '21.0.6'
Driver info: driver.version: unknown]]>
            </message>
            <full-stacktrace>
              <![CDATA[org.openqa.selenium.NoSuchElementException: Cannot locate option with value: Potosí
For documentation on this error, please visit: https://www.selenium.dev/documentation/webdriver/troubleshooting/errors#no-such-element-exception
Build info: version: '4.30.0', revision: '509c7f17cc*'
System info: os.name: 'Windows 11', os.arch: 'amd64', os.version: '10.0', java.version: '21.0.6'
Driver info: driver.version: unknown
at org.openqa.selenium.support.ui.Select.findOptionsByValue(Select.java:393)
at org.openqa.selenium.support.ui.Select.selectByValue(Select.java:277)
at testng.form.test(form.java:97)
at java.base/jdk.internal.reflect.DirectMethodHandleAccessor.invoke(DirectMethodHandleAccessor.java:103)
at java.base/java.lang.reflect.Method.invoke(Method.java:580)
at org.testng.internal.invokers.MethodInvocationHelper.invokeMethod(MethodInvocationHelper.java:141)
at org.testng.internal.invokers.TestInvoker.invokeMethod(TestInvoker.java:687)
at org.testng.internal.invokers.TestInvoker.invokeTestMethod(TestInvoker.java:230)
at org.testng.internal.invokers.MethodRunner.runInSequence(MethodRunner.java:63)
at org.testng.internal.invokers.TestInvoker$MethodInvocationAgent.invoke(TestInvoker.java:995)
at org.testng.internal.invokers.TestInvoker.invokeTestMethods(TestInvoker.java:203)
at org.testng.internal.invokers.TestMethodWorker.invokeTestMethods(TestMethodWorker.java:154)
at org.testng.internal.invokers.TestMethodWorker.run(TestMethodWorker.java:134)
at java.base/java.util.ArrayList.forEach(ArrayList.java:1596)
at org.testng.TestRunner.privateRun(TestRunner.java:741)
at org.testng.TestRunner.run(TestRunner.java:616)
at org.testng.SuiteRunner.runTest(SuiteRunner.java:421)
at org.testng.SuiteRunner.runSequentially(SuiteRunner.java:413)
at org.testng.SuiteRunner.privateRun(SuiteRunner.java:373)
at org.testng.SuiteRunner.run(SuiteRunner.java:312)
at org.testng.SuiteRunnerWorker.runSuite(SuiteRunnerWorker.java:52)
at org.testng.SuiteRunnerWorker.run(SuiteRunnerWorker.java:95)
at org.testng.TestNG.runSuitesSequentially(TestNG.java:1274)
at org.testng.TestNG.runSuitesLocally(TestNG.java:1208)
at org.testng.TestNG.runSuites(TestNG.java:1112)
at org.testng.TestNG.run(TestNG.java:1079)
at org.testng.remote.AbstractRemoteTestNG.run(AbstractRemoteTestNG.java:115)
at org.testng.remote.RemoteTestNG.initAndRun(RemoteTestNG.java:293)
at org.testng.remote.RemoteTestNG.main(RemoteTestNG.java:91)
]]>
            </full-stacktrace>
          </exception> <!-- org.openqa.selenium.NoSuchElementException -->
          <reporter-output>
          </reporter-output>
        </test-method> <!-- test -->
        <test-method signature="test(java.lang.String,java.lang.String,java.lang.String,java.lang.String,java.lang.String,java.lang.String,java.lang.String,java.lang.String)[pri:0, instance:testng.form@4e08711f]" started-at="2025-04-24T19:25:25 BOT" name="test" data-provider="dataNumeric" finished-at="2025-04-24T19:25:26 BOT" duration-ms="776" status="PASS">
          <params>
            <param index="0">
              <value>
                <![CDATA[Ángel]]>
              </value>
            </param>
            <param index="1">
              <value>
                <![CDATA[Gómez]]>
              </value>
            </param>
            <param index="2">
              <value>
                <![CDATA[1981-12-06]]>
              </value>
            </param>
            <param index="3">
              <value>
                <![CDATA[Masculino]]>
              </value>
            </param>
            <param index="4">
              <value>
                <![CDATA[La Paz]]>
              </value>
            </param>
            <param index="5">
              <value>
                <![CDATA[Calle E, Nº 11]]>
              </value>
            </param>
            <param index="6">
              <value>
                <![CDATA[Soltero]]>
              </value>
            </param>
            <param index="7">
              <value>
                <![CDATA[70493128]]>
              </value>
            </param>
          </params>
          <reporter-output>
          </reporter-output>
        </test-method> <!-- test -->
        <test-method signature="test(java.lang.String,java.lang.String,java.lang.String,java.lang.String,java.lang.String,java.lang.String,java.lang.String,java.lang.String)[pri:0, instance:testng.form@4e08711f]" started-at="2025-04-24T19:25:26 BOT" name="test" data-provider="dataNumeric" finished-at="2025-04-24T19:25:27 BOT" duration-ms="824" status="PASS">
          <params>
            <param index="0">
              <value>
                <![CDATA[Carmen]]>
              </value>
            </param>
            <param index="1">
              <value>
                <![CDATA[Rodríguez]]>
              </value>
            </param>
            <param index="2">
              <value>
                <![CDATA[1995-03-03]]>
              </value>
            </param>
            <param index="3">
              <value>
                <![CDATA[Femenino]]>
              </value>
            </param>
            <param index="4">
              <value>
                <![CDATA[Oruro]]>
              </value>
            </param>
            <param index="5">
              <value>
                <![CDATA[Calle B, Nº 29]]>
              </value>
            </param>
            <param index="6">
              <value>
                <![CDATA[Casado]]>
              </value>
            </param>
            <param index="7">
              <value>
                <![CDATA[83216947]]>
              </value>
            </param>
          </params>
          <reporter-output>
          </reporter-output>
        </test-method> <!-- test -->
        <test-method signature="test(java.lang.String,java.lang.String,java.lang.String,java.lang.String,java.lang.String,java.lang.String,java.lang.String,java.lang.String)[pri:0, instance:testng.form@4e08711f]" started-at="2025-04-24T19:25:27 BOT" name="test" data-provider="dataNumeric" finished-at="2025-04-24T19:25:28 BOT" duration-ms="800" status="FAIL">
          <params>
            <param index="0">
              <value>
                <![CDATA[Lorenzo]]>
              </value>
            </param>
            <param index="1">
              <value>
                <![CDATA[Díaz]]>
              </value>
            </param>
            <param index="2">
              <value>
                <![CDATA[1980-05-27]]>
              </value>
            </param>
            <param index="3">
              <value>
                <![CDATA[Masculino]]>
              </value>
            </param>
            <param index="4">
              <value>
                <![CDATA[Sucre]]>
              </value>
            </param>
            <param index="5">
              <value>
                <![CDATA[Calle C, Nº 72]]>
              </value>
            </param>
            <param index="6">
              <value>
                <![CDATA[Soltero]]>
              </value>
            </param>
            <param index="7">
              <value>
                <![CDATA[16974825]]>
              </value>
            </param>
          </params>
          <exception class="java.lang.AssertionError">
            <message>
              <![CDATA[expected [Informacion con errores] but found [Informacion guardada]]]>
            </message>
            <full-stacktrace>
              <![CDATA[java.lang.AssertionError: expected [Informacion con errores] but found [Informacion guardada]
at org.testng.Assert.fail(Assert.java:111)
at org.testng.Assert.failNotEquals(Assert.java:1590)
at org.testng.Assert.assertEqualsImpl(Assert.java:150)
at org.testng.Assert.assertEquals(Assert.java:132)
at org.testng.Assert.assertEquals(Assert.java:656)
at org.testng.Assert.assertEquals(Assert.java:666)
at testng.form.test(form.java:119)
at java.base/jdk.internal.reflect.DirectMethodHandleAccessor.invoke(DirectMethodHandleAccessor.java:103)
at java.base/java.lang.reflect.Method.invoke(Method.java:580)
at org.testng.internal.invokers.MethodInvocationHelper.invokeMethod(MethodInvocationHelper.java:141)
at org.testng.internal.invokers.TestInvoker.invokeMethod(TestInvoker.java:687)
at org.testng.internal.invokers.TestInvoker.invokeTestMethod(TestInvoker.java:230)
at org.testng.internal.invokers.MethodRunner.runInSequence(MethodRunner.java:63)
at org.testng.internal.invokers.TestInvoker$MethodInvocationAgent.invoke(TestInvoker.java:995)
at org.testng.internal.invokers.TestInvoker.invokeTestMethods(TestInvoker.java:203)
at org.testng.internal.invokers.TestMethodWorker.invokeTestMethods(TestMethodWorker.java:154)
at org.testng.internal.invokers.TestMethodWorker.run(TestMethodWorker.java:134)
at java.base/java.util.ArrayList.forEach(ArrayList.java:1596)
at org.testng.TestRunner.privateRun(TestRunner.java:741)
at org.testng.TestRunner.run(TestRunner.java:616)
at org.testng.SuiteRunner.runTest(SuiteRunner.java:421)
at org.testng.SuiteRunner.runSequentially(SuiteRunner.java:413)
at org.testng.SuiteRunner.privateRun(SuiteRunner.java:373)
at org.testng.SuiteRunner.run(SuiteRunner.java:312)
at org.testng.SuiteRunnerWorker.runSuite(SuiteRunnerWorker.java:52)
at org.testng.SuiteRunnerWorker.run(SuiteRunnerWorker.java:95)
at org.testng.TestNG.runSuitesSequentially(TestNG.java:1274)
at org.testng.TestNG.runSuitesLocally(TestNG.java:1208)
at org.testng.TestNG.runSuites(TestNG.java:1112)
at org.testng.TestNG.run(TestNG.java:1079)
at org.testng.remote.AbstractRemoteTestNG.run(AbstractRemoteTestNG.java:115)
at org.testng.remote.RemoteTestNG.initAndRun(RemoteTestNG.java:293)
at org.testng.remote.RemoteTestNG.main(RemoteTestNG.java:91)
]]>
            </full-stacktrace>
          </exception> <!-- java.lang.AssertionError -->
          <reporter-output>
          </reporter-output>
        </test-method> <!-- test -->
        <test-method signature="test(java.lang.String,java.lang.String,java.lang.String,java.lang.String,java.lang.String,java.lang.String,java.lang.String,java.lang.String)[pri:0, instance:testng.form@4e08711f]" started-at="2025-04-24T19:25:28 BOT" name="test" data-provider="dataNumeric" finished-at="2025-04-24T19:25:29 BOT" duration-ms="897" status="PASS">
          <params>
            <param index="0">
              <value>
                <![CDATA[Lucía]]>
              </value>
            </param>
            <param index="1">
              <value>
                <![CDATA[Hernández]]>
              </value>
            </param>
            <param index="2">
              <value>
                <![CDATA[1992-11-23]]>
              </value>
            </param>
            <param index="3">
              <value>
                <![CDATA[Femenino]]>
              </value>
            </param>
            <param index="4">
              <value>
                <![CDATA[Santa Cruz]]>
              </value>
            </param>
            <param index="5">
              <value>
                <![CDATA[Calle D, Nº 56]]>
              </value>
            </param>
            <param index="6">
              <value>
                <![CDATA[Casado]]>
              </value>
            </param>
            <param index="7">
              <value>
                <![CDATA[34592081]]>
              </value>
            </param>
          </params>
          <reporter-output>
          </reporter-output>
        </test-method> <!-- test -->
        <test-method signature="test(java.lang.String,java.lang.String,java.lang.String,java.lang.String,java.lang.String,java.lang.String,java.lang.String,java.lang.String)[pri:0, instance:testng.form@4e08711f]" started-at="2025-04-24T19:25:29 BOT" name="test" data-provider="dataNumeric" finished-at="2025-04-24T19:25:29 BOT" duration-ms="817" status="FAIL">
          <params>
            <param index="0">
              <value>
                <![CDATA[Isaac]]>
              </value>
            </param>
            <param index="1">
              <value>
                <![CDATA[Ruiz]]>
              </value>
            </param>
            <param index="2">
              <value>
                <![CDATA[1977-09-09]]>
              </value>
            </param>
            <param index="3">
              <value>
                <![CDATA[Masculino]]>
              </value>
            </param>
            <param index="4">
              <value>
                <![CDATA[Pando]]>
              </value>
            </param>
            <param index="5">
              <value>
                <![CDATA[Calle A, Nº 82]]>
              </value>
            </param>
            <param index="6">
              <value>
                <![CDATA[Soltero]]>
              </value>
            </param>
            <param index="7">
              <value>
                <![CDATA[52098734]]>
              </value>
            </param>
          </params>
          <exception class="java.lang.AssertionError">
            <message>
              <![CDATA[expected [Informacion con errores] but found [Informacion guardada]]]>
            </message>
            <full-stacktrace>
              <![CDATA[java.lang.AssertionError: expected [Informacion con errores] but found [Informacion guardada]
at org.testng.Assert.fail(Assert.java:111)
at org.testng.Assert.failNotEquals(Assert.java:1590)
at org.testng.Assert.assertEqualsImpl(Assert.java:150)
at org.testng.Assert.assertEquals(Assert.java:132)
at org.testng.Assert.assertEquals(Assert.java:656)
at org.testng.Assert.assertEquals(Assert.java:666)
at testng.form.test(form.java:119)
at java.base/jdk.internal.reflect.DirectMethodHandleAccessor.invoke(DirectMethodHandleAccessor.java:103)
at java.base/java.lang.reflect.Method.invoke(Method.java:580)
at org.testng.internal.invokers.MethodInvocationHelper.invokeMethod(MethodInvocationHelper.java:141)
at org.testng.internal.invokers.TestInvoker.invokeMethod(TestInvoker.java:687)
at org.testng.internal.invokers.TestInvoker.invokeTestMethod(TestInvoker.java:230)
at org.testng.internal.invokers.MethodRunner.runInSequence(MethodRunner.java:63)
at org.testng.internal.invokers.TestInvoker$MethodInvocationAgent.invoke(TestInvoker.java:995)
at org.testng.internal.invokers.TestInvoker.invokeTestMethods(TestInvoker.java:203)
at org.testng.internal.invokers.TestMethodWorker.invokeTestMethods(TestMethodWorker.java:154)
at org.testng.internal.invokers.TestMethodWorker.run(TestMethodWorker.java:134)
at java.base/java.util.ArrayList.forEach(ArrayList.java:1596)
at org.testng.TestRunner.privateRun(TestRunner.java:741)
at org.testng.TestRunner.run(TestRunner.java:616)
at org.testng.SuiteRunner.runTest(SuiteRunner.java:421)
at org.testng.SuiteRunner.runSequentially(SuiteRunner.java:413)
at org.testng.SuiteRunner.privateRun(SuiteRunner.java:373)
at org.testng.SuiteRunner.run(SuiteRunner.java:312)
at org.testng.SuiteRunnerWorker.runSuite(SuiteRunnerWorker.java:52)
at org.testng.SuiteRunnerWorker.run(SuiteRunnerWorker.java:95)
at org.testng.TestNG.runSuitesSequentially(TestNG.java:1274)
at org.testng.TestNG.runSuitesLocally(TestNG.java:1208)
at org.testng.TestNG.runSuites(TestNG.java:1112)
at org.testng.TestNG.run(TestNG.java:1079)
at org.testng.remote.AbstractRemoteTestNG.run(AbstractRemoteTestNG.java:115)
at org.testng.remote.RemoteTestNG.initAndRun(RemoteTestNG.java:293)
at org.testng.remote.RemoteTestNG.main(RemoteTestNG.java:91)
]]>
            </full-stacktrace>
          </exception> <!-- java.lang.AssertionError -->
          <reporter-output>
          </reporter-output>
        </test-method> <!-- test -->
        <test-method signature="test(java.lang.String,java.lang.String,java.lang.String,java.lang.String,java.lang.String,java.lang.String,java.lang.String,java.lang.String)[pri:0, instance:testng.form@4e08711f]" started-at="2025-04-24T19:25:29 BOT" name="test" data-provider="dataNumeric" finished-at="2025-04-24T19:25:30 BOT" duration-ms="834" status="PASS">
          <params>
            <param index="0">
              <value>
                <![CDATA[Isabel]]>
              </value>
            </param>
            <param index="1">
              <value>
                <![CDATA[Moreno]]>
              </value>
            </param>
            <param index="2">
              <value>
                <![CDATA[1988-12-16]]>
              </value>
            </param>
            <param index="3">
              <value>
                <![CDATA[Femenino]]>
              </value>
            </param>
            <param index="4">
              <value>
                <![CDATA[Cochabamba]]>
              </value>
            </param>
            <param index="5">
              <value>
                <![CDATA[Calle E, Nº 7]]>
              </value>
            </param>
            <param index="6">
              <value>
                <![CDATA[Casado]]>
              </value>
            </param>
            <param index="7">
              <value>
                <![CDATA[78694532]]>
              </value>
            </param>
          </params>
          <reporter-output>
          </reporter-output>
        </test-method> <!-- test -->
        <test-method signature="test(java.lang.String,java.lang.String,java.lang.String,java.lang.String,java.lang.String,java.lang.String,java.lang.String,java.lang.String)[pri:0, instance:testng.form@4e08711f]" started-at="2025-04-24T19:25:30 BOT" name="test" data-provider="dataNumeric" finished-at="2025-04-24T19:25:31 BOT" duration-ms="795" status="PASS">
          <params>
            <param index="0">
              <value>
                <![CDATA[Lucas]]>
              </value>
            </param>
            <param index="1">
              <value>
                <![CDATA[Gómez]]>
              </value>
            </param>
            <param index="2">
              <value>
                <![CDATA[1983-06-21]]>
              </value>
            </param>
            <param index="3">
              <value>
                <![CDATA[Masculino]]>
              </value>
            </param>
            <param index="4">
              <value>
                <![CDATA[La Paz]]>
              </value>
            </param>
            <param index="5">
              <value>
                <![CDATA[Calle B, Nº 35]]>
              </value>
            </param>
            <param index="6">
              <value>
                <![CDATA[Soltero]]>
              </value>
            </param>
            <param index="7">
              <value>
                <![CDATA[14986027]]>
              </value>
            </param>
          </params>
          <reporter-output>
          </reporter-output>
        </test-method> <!-- test -->
        <test-method signature="test(java.lang.String,java.lang.String,java.lang.String,java.lang.String,java.lang.String,java.lang.String,java.lang.String,java.lang.String)[pri:0, instance:testng.form@4e08711f]" started-at="2025-04-24T19:25:31 BOT" name="test" data-provider="dataNumeric" finished-at="2025-04-24T19:25:32 BOT" duration-ms="880" status="PASS">
          <params>
            <param index="0">
              <value>
                <![CDATA[Carolina]]>
              </value>
            </param>
            <param index="1">
              <value>
                <![CDATA[Fernández]]>
              </value>
            </param>
            <param index="2">
              <value>
                <![CDATA[1986-02-18]]>
              </value>
            </param>
            <param index="3">
              <value>
                <![CDATA[Femenino]]>
              </value>
            </param>
            <param index="4">
              <value>
                <![CDATA[Sucre]]>
              </value>
            </param>
            <param index="5">
              <value>
                <![CDATA[Calle C, Nº 84]]>
              </value>
            </param>
            <param index="6">
              <value>
                <![CDATA[Casado]]>
              </value>
            </param>
            <param index="7">
              <value>
                <![CDATA[36928514]]>
              </value>
            </param>
          </params>
          <reporter-output>
          </reporter-output>
        </test-method> <!-- test -->
        <test-method signature="test(java.lang.String,java.lang.String,java.lang.String,java.lang.String,java.lang.String,java.lang.String,java.lang.String,java.lang.String)[pri:0, instance:testng.form@4e08711f]" started-at="2025-04-24T19:25:32 BOT" name="test" data-provider="dataNumeric" finished-at="2025-04-24T19:25:33 BOT" duration-ms="818" status="PASS">
          <params>
            <param index="0">
              <value>
                <![CDATA[Tomás]]>
              </value>
            </param>
            <param index="1">
              <value>
                <![CDATA[Pérez]]>
              </value>
            </param>
            <param index="2">
              <value>
                <![CDATA[1991-08-08]]>
              </value>
            </param>
            <param index="3">
              <value>
                <![CDATA[Masculino]]>
              </value>
            </param>
            <param index="4">
              <value>
                <![CDATA[Tarija]]>
              </value>
            </param>
            <param index="5">
              <value>
                <![CDATA[Calle D, Nº 67]]>
              </value>
            </param>
            <param index="6">
              <value>
                <![CDATA[Soltero]]>
              </value>
            </param>
            <param index="7">
              <value>
                <![CDATA[95410287]]>
              </value>
            </param>
          </params>
          <reporter-output>
          </reporter-output>
        </test-method> <!-- test -->
        <test-method signature="test(java.lang.String,java.lang.String,java.lang.String,java.lang.String,java.lang.String,java.lang.String,java.lang.String,java.lang.String)[pri:0, instance:testng.form@4e08711f]" started-at="2025-04-24T19:25:33 BOT" name="test" data-provider="dataNumeric" finished-at="2025-04-24T19:25:33 BOT" duration-ms="504" status="FAIL">
          <params>
            <param index="0">
              <value>
                <![CDATA[Valentina]]>
              </value>
            </param>
            <param index="1">
              <value>
                <![CDATA[Chávez]]>
              </value>
            </param>
            <param index="2">
              <value>
                <![CDATA[1980-04-24]]>
              </value>
            </param>
            <param index="3">
              <value>
                <![CDATA[Femenino]]>
              </value>
            </param>
            <param index="4">
              <value>
                <![CDATA[Potosí]]>
              </value>
            </param>
            <param index="5">
              <value>
                <![CDATA[Calle A, Nº 90]]>
              </value>
            </param>
            <param index="6">
              <value>
                <![CDATA[Casado]]>
              </value>
            </param>
            <param index="7">
              <value>
                <![CDATA[73169845]]>
              </value>
            </param>
          </params>
          <exception class="org.openqa.selenium.NoSuchElementException">
            <message>
              <![CDATA[Cannot locate option with value: Potosí
For documentation on this error, please visit: https://www.selenium.dev/documentation/webdriver/troubleshooting/errors#no-such-element-exception
Build info: version: '4.30.0', revision: '509c7f17cc*'
System info: os.name: 'Windows 11', os.arch: 'amd64', os.version: '10.0', java.version: '21.0.6'
Driver info: driver.version: unknown]]>
            </message>
            <full-stacktrace>
              <![CDATA[org.openqa.selenium.NoSuchElementException: Cannot locate option with value: Potosí
For documentation on this error, please visit: https://www.selenium.dev/documentation/webdriver/troubleshooting/errors#no-such-element-exception
Build info: version: '4.30.0', revision: '509c7f17cc*'
System info: os.name: 'Windows 11', os.arch: 'amd64', os.version: '10.0', java.version: '21.0.6'
Driver info: driver.version: unknown
at org.openqa.selenium.support.ui.Select.findOptionsByValue(Select.java:393)
at org.openqa.selenium.support.ui.Select.selectByValue(Select.java:277)
at testng.form.test(form.java:97)
at java.base/jdk.internal.reflect.DirectMethodHandleAccessor.invoke(DirectMethodHandleAccessor.java:103)
at java.base/java.lang.reflect.Method.invoke(Method.java:580)
at org.testng.internal.invokers.MethodInvocationHelper.invokeMethod(MethodInvocationHelper.java:141)
at org.testng.internal.invokers.TestInvoker.invokeMethod(TestInvoker.java:687)
at org.testng.internal.invokers.TestInvoker.invokeTestMethod(TestInvoker.java:230)
at org.testng.internal.invokers.MethodRunner.runInSequence(MethodRunner.java:63)
at org.testng.internal.invokers.TestInvoker$MethodInvocationAgent.invoke(TestInvoker.java:995)
at org.testng.internal.invokers.TestInvoker.invokeTestMethods(TestInvoker.java:203)
at org.testng.internal.invokers.TestMethodWorker.invokeTestMethods(TestMethodWorker.java:154)
at org.testng.internal.invokers.TestMethodWorker.run(TestMethodWorker.java:134)
at java.base/java.util.ArrayList.forEach(ArrayList.java:1596)
at org.testng.TestRunner.privateRun(TestRunner.java:741)
at org.testng.TestRunner.run(TestRunner.java:616)
at org.testng.SuiteRunner.runTest(SuiteRunner.java:421)
at org.testng.SuiteRunner.runSequentially(SuiteRunner.java:413)
at org.testng.SuiteRunner.privateRun(SuiteRunner.java:373)
at org.testng.SuiteRunner.run(SuiteRunner.java:312)
at org.testng.SuiteRunnerWorker.runSuite(SuiteRunnerWorker.java:52)
at org.testng.SuiteRunnerWorker.run(SuiteRunnerWorker.java:95)
at org.testng.TestNG.runSuitesSequentially(TestNG.java:1274)
at org.testng.TestNG.runSuitesLocally(TestNG.java:1208)
at org.testng.TestNG.runSuites(TestNG.java:1112)
at org.testng.TestNG.run(TestNG.java:1079)
at org.testng.remote.AbstractRemoteTestNG.run(AbstractRemoteTestNG.java:115)
at org.testng.remote.RemoteTestNG.initAndRun(RemoteTestNG.java:293)
at org.testng.remote.RemoteTestNG.main(RemoteTestNG.java:91)
]]>
            </full-stacktrace>
          </exception> <!-- org.openqa.selenium.NoSuchElementException -->
          <reporter-output>
          </reporter-output>
        </test-method> <!-- test -->
        <test-method signature="test(java.lang.String,java.lang.String,java.lang.String,java.lang.String,java.lang.String,java.lang.String,java.lang.String,java.lang.String)[pri:0, instance:testng.form@4e08711f]" started-at="2025-04-24T19:25:33 BOT" name="test" data-provider="dataNumeric" finished-at="2025-04-24T19:25:34 BOT" duration-ms="862" status="PASS">
          <params>
            <param index="0">
              <value>
                <![CDATA[Mariano]]>
              </value>
            </param>
            <param index="1">
              <value>
                <![CDATA[Alvarez]]>
              </value>
            </param>
            <param index="2">
              <value>
                <![CDATA[1993-01-10]]>
              </value>
            </param>
            <param index="3">
              <value>
                <![CDATA[Masculino]]>
              </value>
            </param>
            <param index="4">
              <value>
                <![CDATA[La Paz]]>
              </value>
            </param>
            <param index="5">
              <value>
                <![CDATA[Calle E, Nº 39]]>
              </value>
            </param>
            <param index="6">
              <value>
                <![CDATA[Soltero]]>
              </value>
            </param>
            <param index="7">
              <value>
                <![CDATA[68913542]]>
              </value>
            </param>
          </params>
          <reporter-output>
          </reporter-output>
        </test-method> <!-- test -->
        <test-method signature="test(java.lang.String,java.lang.String,java.lang.String,java.lang.String,java.lang.String,java.lang.String,java.lang.String,java.lang.String)[pri:0, instance:testng.form@4e08711f]" started-at="2025-04-24T19:25:34 BOT" name="test" data-provider="dataNumeric" finished-at="2025-04-24T19:25:35 BOT" duration-ms="881" status="PASS">
          <params>
            <param index="0">
              <value>
                <![CDATA[Carla]]>
              </value>
            </param>
            <param index="1">
              <value>
                <![CDATA[Romero]]>
              </value>
            </param>
            <param index="2">
              <value>
                <![CDATA[1985-10-05]]>
              </value>
            </param>
            <param index="3">
              <value>
                <![CDATA[Femenino]]>
              </value>
            </param>
            <param index="4">
              <value>
                <![CDATA[Santa Cruz]]>
              </value>
            </param>
            <param index="5">
              <value>
                <![CDATA[Calle B, Nº 22]]>
              </value>
            </param>
            <param index="6">
              <value>
                <![CDATA[Casado]]>
              </value>
            </param>
            <param index="7">
              <value>
                <![CDATA[81736429]]>
              </value>
            </param>
          </params>
          <reporter-output>
          </reporter-output>
        </test-method> <!-- test -->
        <test-method signature="test(java.lang.String,java.lang.String,java.lang.String,java.lang.String,java.lang.String,java.lang.String,java.lang.String,java.lang.String)[pri:0, instance:testng.form@4e08711f]" started-at="2025-04-24T19:25:35 BOT" name="test" data-provider="dataNumeric" finished-at="2025-04-24T19:25:36 BOT" duration-ms="913" status="PASS">
          <params>
            <param index="0">
              <value>
                <![CDATA[Alberto]]>
              </value>
            </param>
            <param index="1">
              <value>
                <![CDATA[Martínez]]>
              </value>
            </param>
            <param index="2">
              <value>
                <![CDATA[1984-07-02]]>
              </value>
            </param>
            <param index="3">
              <value>
                <![CDATA[Masculino]]>
              </value>
            </param>
            <param index="4">
              <value>
                <![CDATA[Pando]]>
              </value>
            </param>
            <param index="5">
              <value>
                <![CDATA[Calle C, Nº 68]]>
              </value>
            </param>
            <param index="6">
              <value>
                <![CDATA[Soltero]]>
              </value>
            </param>
            <param index="7">
              <value>
                <![CDATA[26407938]]>
              </value>
            </param>
          </params>
          <reporter-output>
          </reporter-output>
        </test-method> <!-- test -->
        <test-method signature="test(java.lang.String,java.lang.String,java.lang.String,java.lang.String,java.lang.String,java.lang.String,java.lang.String,java.lang.String)[pri:0, instance:testng.form@4e08711f]" started-at="2025-04-24T19:25:36 BOT" name="test" data-provider="dataNumeric" finished-at="2025-04-24T19:25:37 BOT" duration-ms="881" status="FAIL">
          <params>
            <param index="0">
              <value>
                <![CDATA[Rosa]]>
              </value>
            </param>
            <param index="1">
              <value>
                <![CDATA[Gutiérrez]]>
              </value>
            </param>
            <param index="2">
              <value>
                <![CDATA[1989-03-01]]>
              </value>
            </param>
            <param index="3">
              <value>
                <![CDATA[Femenino]]>
              </value>
            </param>
            <param index="4">
              <value>
                <![CDATA[Cochabamba]]>
              </value>
            </param>
            <param index="5">
              <value>
                <![CDATA[Calle D, Nº 80]]>
              </value>
            </param>
            <param index="6">
              <value>
                <![CDATA[Casado]]>
              </value>
            </param>
            <param index="7">
              <value>
                <![CDATA[50839671]]>
              </value>
            </param>
          </params>
          <exception class="java.lang.AssertionError">
            <message>
              <![CDATA[expected [Informacion con errores] but found [Informacion guardada]]]>
            </message>
            <full-stacktrace>
              <![CDATA[java.lang.AssertionError: expected [Informacion con errores] but found [Informacion guardada]
at org.testng.Assert.fail(Assert.java:111)
at org.testng.Assert.failNotEquals(Assert.java:1590)
at org.testng.Assert.assertEqualsImpl(Assert.java:150)
at org.testng.Assert.assertEquals(Assert.java:132)
at org.testng.Assert.assertEquals(Assert.java:656)
at org.testng.Assert.assertEquals(Assert.java:666)
at testng.form.test(form.java:119)
at java.base/jdk.internal.reflect.DirectMethodHandleAccessor.invoke(DirectMethodHandleAccessor.java:103)
at java.base/java.lang.reflect.Method.invoke(Method.java:580)
at org.testng.internal.invokers.MethodInvocationHelper.invokeMethod(MethodInvocationHelper.java:141)
at org.testng.internal.invokers.TestInvoker.invokeMethod(TestInvoker.java:687)
at org.testng.internal.invokers.TestInvoker.invokeTestMethod(TestInvoker.java:230)
at org.testng.internal.invokers.MethodRunner.runInSequence(MethodRunner.java:63)
at org.testng.internal.invokers.TestInvoker$MethodInvocationAgent.invoke(TestInvoker.java:995)
at org.testng.internal.invokers.TestInvoker.invokeTestMethods(TestInvoker.java:203)
at org.testng.internal.invokers.TestMethodWorker.invokeTestMethods(TestMethodWorker.java:154)
at org.testng.internal.invokers.TestMethodWorker.run(TestMethodWorker.java:134)
at java.base/java.util.ArrayList.forEach(ArrayList.java:1596)
at org.testng.TestRunner.privateRun(TestRunner.java:741)
at org.testng.TestRunner.run(TestRunner.java:616)
at org.testng.SuiteRunner.runTest(SuiteRunner.java:421)
at org.testng.SuiteRunner.runSequentially(SuiteRunner.java:413)
at org.testng.SuiteRunner.privateRun(SuiteRunner.java:373)
at org.testng.SuiteRunner.run(SuiteRunner.java:312)
at org.testng.SuiteRunnerWorker.runSuite(SuiteRunnerWorker.java:52)
at org.testng.SuiteRunnerWorker.run(SuiteRunnerWorker.java:95)
at org.testng.TestNG.runSuitesSequentially(TestNG.java:1274)
at org.testng.TestNG.runSuitesLocally(TestNG.java:1208)
at org.testng.TestNG.runSuites(TestNG.java:1112)
at org.testng.TestNG.run(TestNG.java:1079)
at org.testng.remote.AbstractRemoteTestNG.run(AbstractRemoteTestNG.java:115)
at org.testng.remote.RemoteTestNG.initAndRun(RemoteTestNG.java:293)
at org.testng.remote.RemoteTestNG.main(RemoteTestNG.java:91)
]]>
            </full-stacktrace>
          </exception> <!-- java.lang.AssertionError -->
          <reporter-output>
          </reporter-output>
        </test-method> <!-- test -->
        <test-method signature="test(java.lang.String,java.lang.String,java.lang.String,java.lang.String,java.lang.String,java.lang.String,java.lang.String,java.lang.String)[pri:0, instance:testng.form@4e08711f]" started-at="2025-04-24T19:25:37 BOT" name="test" data-provider="dataNumeric" finished-at="2025-04-24T19:25:38 BOT" duration-ms="889" status="PASS">
          <params>
            <param index="0">
              <value>
                <![CDATA[Fernando]]>
              </value>
            </param>
            <param index="1">
              <value>
                <![CDATA[Núñez]]>
              </value>
            </param>
            <param index="2">
              <value>
                <![CDATA[1977-06-28]]>
              </value>
            </param>
            <param index="3">
              <value>
                <![CDATA[Masculino]]>
              </value>
            </param>
            <param index="4">
              <value>
                <![CDATA[Sucre]]>
              </value>
            </param>
            <param index="5">
              <value>
                <![CDATA[Calle A, Nº 48]]>
              </value>
            </param>
            <param index="6">
              <value>
                <![CDATA[Soltero]]>
              </value>
            </param>
            <param index="7">
              <value>
                <![CDATA[93687421]]>
              </value>
            </param>
          </params>
          <reporter-output>
          </reporter-output>
        </test-method> <!-- test -->
        <test-method signature="test(java.lang.String,java.lang.String,java.lang.String,java.lang.String,java.lang.String,java.lang.String,java.lang.String,java.lang.String)[pri:0, instance:testng.form@4e08711f]" started-at="2025-04-24T19:25:38 BOT" name="test" data-provider="dataNumeric" finished-at="2025-04-24T19:25:39 BOT" duration-ms="864" status="FAIL">
          <params>
            <param index="0">
              <value>
                <![CDATA[Raquel]]>
              </value>
            </param>
            <param index="1">
              <value>
                <![CDATA[Sosa]]>
              </value>
            </param>
            <param index="2">
              <value>
                <![CDATA[1992-09-03]]>
              </value>
            </param>
            <param index="3">
              <value>
                <![CDATA[Femenino]]>
              </value>
            </param>
            <param index="4">
              <value>
                <![CDATA[La Paz]]>
              </value>
            </param>
            <param index="5">
              <value>
                <![CDATA[Calle E, Nº 5]]>
              </value>
            </param>
            <param index="6">
              <value>
                <![CDATA[Casado]]>
              </value>
            </param>
            <param index="7">
              <value>
                <![CDATA[78532196]]>
              </value>
            </param>
          </params>
          <exception class="java.lang.AssertionError">
            <message>
              <![CDATA[expected [Informacion con errores] but found [Informacion guardada]]]>
            </message>
            <full-stacktrace>
              <![CDATA[java.lang.AssertionError: expected [Informacion con errores] but found [Informacion guardada]
at org.testng.Assert.fail(Assert.java:111)
at org.testng.Assert.failNotEquals(Assert.java:1590)
at org.testng.Assert.assertEqualsImpl(Assert.java:150)
at org.testng.Assert.assertEquals(Assert.java:132)
at org.testng.Assert.assertEquals(Assert.java:656)
at org.testng.Assert.assertEquals(Assert.java:666)
at testng.form.test(form.java:119)
at java.base/jdk.internal.reflect.DirectMethodHandleAccessor.invoke(DirectMethodHandleAccessor.java:103)
at java.base/java.lang.reflect.Method.invoke(Method.java:580)
at org.testng.internal.invokers.MethodInvocationHelper.invokeMethod(MethodInvocationHelper.java:141)
at org.testng.internal.invokers.TestInvoker.invokeMethod(TestInvoker.java:687)
at org.testng.internal.invokers.TestInvoker.invokeTestMethod(TestInvoker.java:230)
at org.testng.internal.invokers.MethodRunner.runInSequence(MethodRunner.java:63)
at org.testng.internal.invokers.TestInvoker$MethodInvocationAgent.invoke(TestInvoker.java:995)
at org.testng.internal.invokers.TestInvoker.invokeTestMethods(TestInvoker.java:203)
at org.testng.internal.invokers.TestMethodWorker.invokeTestMethods(TestMethodWorker.java:154)
at org.testng.internal.invokers.TestMethodWorker.run(TestMethodWorker.java:134)
at java.base/java.util.ArrayList.forEach(ArrayList.java:1596)
at org.testng.TestRunner.privateRun(TestRunner.java:741)
at org.testng.TestRunner.run(TestRunner.java:616)
at org.testng.SuiteRunner.runTest(SuiteRunner.java:421)
at org.testng.SuiteRunner.runSequentially(SuiteRunner.java:413)
at org.testng.SuiteRunner.privateRun(SuiteRunner.java:373)
at org.testng.SuiteRunner.run(SuiteRunner.java:312)
at org.testng.SuiteRunnerWorker.runSuite(SuiteRunnerWorker.java:52)
at org.testng.SuiteRunnerWorker.run(SuiteRunnerWorker.java:95)
at org.testng.TestNG.runSuitesSequentially(TestNG.java:1274)
at org.testng.TestNG.runSuitesLocally(TestNG.java:1208)
at org.testng.TestNG.runSuites(TestNG.java:1112)
at org.testng.TestNG.run(TestNG.java:1079)
at org.testng.remote.AbstractRemoteTestNG.run(AbstractRemoteTestNG.java:115)
at org.testng.remote.RemoteTestNG.initAndRun(RemoteTestNG.java:293)
at org.testng.remote.RemoteTestNG.main(RemoteTestNG.java:91)
]]>
            </full-stacktrace>
          </exception> <!-- java.lang.AssertionError -->
          <reporter-output>
          </reporter-output>
        </test-method> <!-- test -->
        <test-method signature="test(java.lang.String,java.lang.String,java.lang.String,java.lang.String,java.lang.String,java.lang.String,java.lang.String,java.lang.String)[pri:0, instance:testng.form@4e08711f]" started-at="2025-04-24T19:25:39 BOT" name="test" data-provider="dataNumeric" finished-at="2025-04-24T19:25:40 BOT" duration-ms="1181" status="PASS">
          <params>
            <param index="0">
              <value>
                <![CDATA[Emilio]]>
              </value>
            </param>
            <param index="1">
              <value>
                <![CDATA[Hernández]]>
              </value>
            </param>
            <param index="2">
              <value>
                <![CDATA[1988-12-28]]>
              </value>
            </param>
            <param index="3">
              <value>
                <![CDATA[Masculino]]>
              </value>
            </param>
            <param index="4">
              <value>
                <![CDATA[Santa Cruz]]>
              </value>
            </param>
            <param index="5">
              <value>
                <![CDATA[Calle B, Nº 26]]>
              </value>
            </param>
            <param index="6">
              <value>
                <![CDATA[Soltero]]>
              </value>
            </param>
            <param index="7">
              <value>
                <![CDATA[41970853]]>
              </value>
            </param>
          </params>
          <reporter-output>
          </reporter-output>
        </test-method> <!-- test -->
        <test-method signature="test(java.lang.String,java.lang.String,java.lang.String,java.lang.String,java.lang.String,java.lang.String,java.lang.String,java.lang.String)[pri:0, instance:testng.form@4e08711f]" started-at="2025-04-24T19:25:40 BOT" name="test" data-provider="dataNumeric" finished-at="2025-04-24T19:25:41 BOT" duration-ms="969" status="PASS">
          <params>
            <param index="0">
              <value>
                <![CDATA[Beatriz]]>
              </value>
            </param>
            <param index="1">
              <value>
                <![CDATA[Torres]]>
              </value>
            </param>
            <param index="2">
              <value>
                <![CDATA[1981-08-14]]>
              </value>
            </param>
            <param index="3">
              <value>
                <![CDATA[Femenino]]>
              </value>
            </param>
            <param index="4">
              <value>
                <![CDATA[Tarija]]>
              </value>
            </param>
            <param index="5">
              <value>
                <![CDATA[Calle C, Nº 99]]>
              </value>
            </param>
            <param index="6">
              <value>
                <![CDATA[Casado]]>
              </value>
            </param>
            <param index="7">
              <value>
                <![CDATA[53094278]]>
              </value>
            </param>
          </params>
          <reporter-output>
          </reporter-output>
        </test-method> <!-- test -->
        <test-method signature="test(java.lang.String,java.lang.String,java.lang.String,java.lang.String,java.lang.String,java.lang.String,java.lang.String,java.lang.String)[pri:0, instance:testng.form@4e08711f]" started-at="2025-04-24T19:25:41 BOT" name="test" data-provider="dataNumeric" finished-at="2025-04-24T19:25:41 BOT" duration-ms="521" status="FAIL">
          <params>
            <param index="0">
              <value>
                <![CDATA[Lorenza]]>
              </value>
            </param>
            <param index="1">
              <value>
                <![CDATA[García]]>
              </value>
            </param>
            <param index="2">
              <value>
                <![CDATA[1995-02-25]]>
              </value>
            </param>
            <param index="3">
              <value>
                <![CDATA[Femenino]]>
              </value>
            </param>
            <param index="4">
              <value>
                <![CDATA[Potosí]]>
              </value>
            </param>
            <param index="5">
              <value>
                <![CDATA[Calle D, Nº 33]]>
              </value>
            </param>
            <param index="6">
              <value>
                <![CDATA[Soltero]]>
              </value>
            </param>
            <param index="7">
              <value>
                <![CDATA[87421936]]>
              </value>
            </param>
          </params>
          <exception class="org.openqa.selenium.NoSuchElementException">
            <message>
              <![CDATA[Cannot locate option with value: Potosí
For documentation on this error, please visit: https://www.selenium.dev/documentation/webdriver/troubleshooting/errors#no-such-element-exception
Build info: version: '4.30.0', revision: '509c7f17cc*'
System info: os.name: 'Windows 11', os.arch: 'amd64', os.version: '10.0', java.version: '21.0.6'
Driver info: driver.version: unknown]]>
            </message>
            <full-stacktrace>
              <![CDATA[org.openqa.selenium.NoSuchElementException: Cannot locate option with value: Potosí
For documentation on this error, please visit: https://www.selenium.dev/documentation/webdriver/troubleshooting/errors#no-such-element-exception
Build info: version: '4.30.0', revision: '509c7f17cc*'
System info: os.name: 'Windows 11', os.arch: 'amd64', os.version: '10.0', java.version: '21.0.6'
Driver info: driver.version: unknown
at org.openqa.selenium.support.ui.Select.findOptionsByValue(Select.java:393)
at org.openqa.selenium.support.ui.Select.selectByValue(Select.java:277)
at testng.form.test(form.java:97)
at java.base/jdk.internal.reflect.DirectMethodHandleAccessor.invoke(DirectMethodHandleAccessor.java:103)
at java.base/java.lang.reflect.Method.invoke(Method.java:580)
at org.testng.internal.invokers.MethodInvocationHelper.invokeMethod(MethodInvocationHelper.java:141)
at org.testng.internal.invokers.TestInvoker.invokeMethod(TestInvoker.java:687)
at org.testng.internal.invokers.TestInvoker.invokeTestMethod(TestInvoker.java:230)
at org.testng.internal.invokers.MethodRunner.runInSequence(MethodRunner.java:63)
at org.testng.internal.invokers.TestInvoker$MethodInvocationAgent.invoke(TestInvoker.java:995)
at org.testng.internal.invokers.TestInvoker.invokeTestMethods(TestInvoker.java:203)
at org.testng.internal.invokers.TestMethodWorker.invokeTestMethods(TestMethodWorker.java:154)
at org.testng.internal.invokers.TestMethodWorker.run(TestMethodWorker.java:134)
at java.base/java.util.ArrayList.forEach(ArrayList.java:1596)
at org.testng.TestRunner.privateRun(TestRunner.java:741)
at org.testng.TestRunner.run(TestRunner.java:616)
at org.testng.SuiteRunner.runTest(SuiteRunner.java:421)
at org.testng.SuiteRunner.runSequentially(SuiteRunner.java:413)
at org.testng.SuiteRunner.privateRun(SuiteRunner.java:373)
at org.testng.SuiteRunner.run(SuiteRunner.java:312)
at org.testng.SuiteRunnerWorker.runSuite(SuiteRunnerWorker.java:52)
at org.testng.SuiteRunnerWorker.run(SuiteRunnerWorker.java:95)
at org.testng.TestNG.runSuitesSequentially(TestNG.java:1274)
at org.testng.TestNG.runSuitesLocally(TestNG.java:1208)
at org.testng.TestNG.runSuites(TestNG.java:1112)
at org.testng.TestNG.run(TestNG.java:1079)
at org.testng.remote.AbstractRemoteTestNG.run(AbstractRemoteTestNG.java:115)
at org.testng.remote.RemoteTestNG.initAndRun(RemoteTestNG.java:293)
at org.testng.remote.RemoteTestNG.main(RemoteTestNG.java:91)
]]>
            </full-stacktrace>
          </exception> <!-- org.openqa.selenium.NoSuchElementException -->
          <reporter-output>
          </reporter-output>
        </test-method> <!-- test -->
        <test-method signature="test(java.lang.String,java.lang.String,java.lang.String,java.lang.String,java.lang.String,java.lang.String,java.lang.String,java.lang.String)[pri:0, instance:testng.form@4e08711f]" started-at="2025-04-24T19:25:41 BOT" name="test" data-provider="dataNumeric" finished-at="2025-04-24T19:25:42 BOT" duration-ms="873" status="PASS">
          <params>
            <param index="0">
              <value>
                <![CDATA[Maximiliano]]>
              </value>
            </param>
            <param index="1">
              <value>
                <![CDATA[Sánchez]]>
              </value>
            </param>
            <param index="2">
              <value>
                <![CDATA[1980-11-19]]>
              </value>
            </param>
            <param index="3">
              <value>
                <![CDATA[Masculino]]>
              </value>
            </param>
            <param index="4">
              <value>
                <![CDATA[La Paz]]>
              </value>
            </param>
            <param index="5">
              <value>
                <![CDATA[Calle A, Nº 14]]>
              </value>
            </param>
            <param index="6">
              <value>
                <![CDATA[Casado]]>
              </value>
            </param>
            <param index="7">
              <value>
                <![CDATA[63948712]]>
              </value>
            </param>
          </params>
          <reporter-output>
          </reporter-output>
        </test-method> <!-- test -->
        <test-method is-config="true" signature="after()[pri:0, instance:testng.form@4e08711f]" started-at="2025-04-24T19:25:42 BOT" name="after" finished-at="2025-04-24T19:25:47 BOT" duration-ms="5103" status="PASS">
          <reporter-output>
          </reporter-output>
        </test-method> <!-- after -->
      </class> <!-- testng.form -->
    </test> <!-- Default test -->
  </suite> <!-- Default suite -->
</testng-results>
